<?xml version="1.0" encoding="UTF-8"?>
<testsuite xmlns:xsi="http://www.w3.org/2001/XMLSchema-instance" xsi:noNamespaceSchemaLocation="https://maven.apache.org/surefire/maven-surefire-plugin/xsd/surefire-test-report.xsd" name="TestSuite" time="20.225" tests="15" errors="0" skipped="0" failures="4">
  <properties>
[...]
</properties>
  <testcase name="registerOk" classname="Tests.AUserTests.ARegisterTests" time="4.256"/>
  <testcase name="registerHeaders" classname="Tests.AUserTests.ARegisterTests" time="0.867"/>
  <testcase name="registerOkContentType" classname="Tests.AUserTests.ARegisterTests" time="0.845"/>
  <testcase name="registerWithEmptyUser" classname="Tests.AUserTests.ARegisterTests" time="0.83">
    <failure message="1 expectation failed.&#10;Expected status code &lt;400&gt; but was &lt;200&gt;.&#10;" type="java.lang.AssertionError"><![CDATA[java.lang.AssertionError: 
1 expectation failed.
Expected status code <400> but was <200>.

	at Tests.AUserTests.ARegisterTests.registerWithEmptyUser(ARegisterTests.java:86)
]]></failure>
  </testcase>
  <testcase name="registerWithNullUser" classname="Tests.AUserTests.ARegisterTests" time="0.755">
    <failure message="1 expectation failed.&#10;Expected status code &lt;400&gt; but was &lt;200&gt;.&#10;" type="java.lang.AssertionError"><![CDATA[java.lang.AssertionError: 
1 expectation failed.
Expected status code <400> but was <200>.

	at Tests.AUserTests.ARegisterTests.registerWithNullUser(ARegisterTests.java:100)
]]></failure>
  </testcase>
  <testcase name="loginOkGetToken" classname="Tests.AUserTests.BLoginTests" time="0.827"/>
  <testcase name="loginHeaders" classname="Tests.AUserTests.BLoginTests" time="0.798"/>
  <testcase name="loginOkStatusCode" classname="Tests.AUserTests.BLoginTests" time="0.744"/>
  <testcase name="loginOkContentType" classname="Tests.AUserTests.BLoginTests" time="0.76"/>
  <testcase name="failLoginUnregisteredEmail" classname="Tests.AUserTests.BLoginTests" time="0.788">
    <failure message="1 expectation failed.&#10;Expected status code &lt;400&gt; but was &lt;200&gt;.&#10;" type="java.lang.AssertionError"><![CDATA[java.lang.AssertionError: 
1 expectation failed.
Expected status code <400> but was <200>.

	at Tests.AUserTests.BLoginTests.failLoginUnregisteredEmail(BLoginTests.java:121)
]]></failure>
  </testcase>
  <testcase name="failLoginUnregisteredPassword" classname="Tests.AUserTests.BLoginTests" time="0.766">
    <failure message="1 expectation failed.&#10;Expected status code &lt;400&gt; but was &lt;200&gt;.&#10;" type="java.lang.AssertionError"><![CDATA[java.lang.AssertionError: 
1 expectation failed.
Expected status code <400> but was <200>.

	at Tests.AUserTests.BLoginTests.failLoginUnregisteredPassword(BLoginTests.java:135)
]]></failure>
  </testcase>
  <testcase name="httpStatus200OnGetUserByUsername" classname="Tests.AUserTests.BUserTests" time="0.814"/>
  <testcase name="OnGetUserByIdWithWrongUsername" classname="Tests.AUserTests.BUserTests" time="0.841"/>
  <testcase name="putUserByUsername" classname="Tests.AUserTests.BUserTests" time="0.832"/>
  <testcase name="deleteUser" classname="Tests.AUserTests.BUserTests" time="0.788"/>
</testsuite>